This file contains any messages produced by compilers while
running configure, to aid debugging if configure makes a mistake.

It was created by GICO3 configure 2.6.3, which was
generated by GNU Autoconf 2.59.  Invocation command line was

  $ ./configure --no-create --no-recursion

## --------- ##
## Platform. ##
## --------- ##

hostname = MA
uname -m = x86_64
uname -r = 6.17.0-14-generic
uname -s = Linux
uname -v = #14~24.04.1-Ubuntu SMP PREEMPT_DYNAMIC Thu Jan 15 15:52:10 UTC 2

/usr/bin/uname -p = x86_64
/bin/uname -X     = unknown

/bin/arch              = x86_64
/usr/bin/arch -k       = unknown
/usr/convex/getsysinfo = unknown
hostinfo               = unknown
/bin/machine           = unknown
/usr/bin/oslevel       = unknown
/bin/universe          = unknown

PATH: /home/akimoto/.codon/bin
PATH: /home/akimoto/google-cloud-sdk/bin
PATH: /home/akimoto/.local/bin
PATH: /home/akimoto/heasoft-6.35.1/x86_64-pc-linux-gnu-libc2.39/bin
PATH: /home/akimoto/venv/venv3.12/bin
PATH: /home/akimoto/.codon/bin
PATH: /home/akimoto/.cargo/bin
PATH: /home/akimoto/.local/bin
PATH: /home/akimoto/bin
PATH: /usr/local/sbin
PATH: /usr/local/bin
PATH: /usr/sbin
PATH: /usr/bin
PATH: /sbin
PATH: /bin
PATH: /usr/games
PATH: /usr/local/games
PATH: /snap/bin
PATH: /snap/bin
PATH: /home/akimoto/.dotnet/tools
PATH: /home/akimoto/program/python
PATH: /home/akimoto/program/shellscript
PATH: /home/akimoto/bin


## ----------- ##
## Core tests. ##
## ----------- ##

configure:1352: checking for a BSD-compatible install
configure:1407: result: /usr/bin/install -c
configure:1418: checking whether build environment is sane
configure:1461: result: yes
configure:1526: checking for gawk
configure:1542: found /usr/bin/gawk
configure:1552: result: gawk
configure:1562: checking whether make sets $(MAKE)
configure:1582: result: yes
configure:1801: checking for gcc
configure:1817: found /usr/bin/gcc
configure:1827: result: gcc
configure:2071: checking for C compiler version
configure:2074: gcc --version </dev/null >&5
gcc (Ubuntu 13.3.0-6ubuntu2~24.04.1) 13.3.0
Copyright (C) 2023 Free Software Foundation, Inc.
This is free software; see the source for copying conditions.  There is NO
warranty; not even for MERCHANTABILITY or FITNESS FOR A PARTICULAR PURPOSE.

configure:2077: $? = 0
configure:2079: gcc -v </dev/null >&5
Using built-in specs.
COLLECT_GCC=gcc
COLLECT_LTO_WRAPPER=/usr/libexec/gcc/x86_64-linux-gnu/13/lto-wrapper
OFFLOAD_TARGET_NAMES=nvptx-none:amdgcn-amdhsa
OFFLOAD_TARGET_DEFAULT=1
Target: x86_64-linux-gnu
Configured with: ../src/configure -v --with-pkgversion='Ubuntu 13.3.0-6ubuntu2~24.04.1' --with-bugurl=file:///usr/share/doc/gcc-13/README.Bugs --enable-languages=c,ada,c++,go,d,fortran,objc,obj-c++,m2 --prefix=/usr --with-gcc-major-version-only --program-suffix=-13 --program-prefix=x86_64-linux-gnu- --enable-shared --enable-linker-build-id --libexecdir=/usr/libexec --without-included-gettext --enable-threads=posix --libdir=/usr/lib --enable-nls --enable-bootstrap --enable-clocale=gnu --enable-libstdcxx-debug --enable-libstdcxx-time=yes --with-default-libstdcxx-abi=new --enable-libstdcxx-backtrace --enable-gnu-unique-object --disable-vtable-verify --enable-plugin --enable-default-pie --with-system-zlib --enable-libphobos-checking=release --with-target-system-zlib=auto --enable-objc-gc=auto --enable-multiarch --disable-werror --enable-cet --with-arch-32=i686 --with-abi=m64 --with-multilib-list=m32,m64,mx32 --enable-multilib --with-tune=generic --enable-offload-targets=nvptx-none=/build/gcc-13-EldibY/gcc-13-13.3.0/debian/tmp-nvptx/usr,amdgcn-amdhsa=/build/gcc-13-EldibY/gcc-13-13.3.0/debian/tmp-gcn/usr --enable-offload-defaulted --without-cuda-driver --enable-checking=release --build=x86_64-linux-gnu --host=x86_64-linux-gnu --target=x86_64-linux-gnu --with-build-config=bootstrap-lto-lean --enable-link-serialization=2
Thread model: posix
Supported LTO compression algorithms: zlib zstd
gcc version 13.3.0 (Ubuntu 13.3.0-6ubuntu2~24.04.1) 
configure:2082: $? = 0
configure:2084: gcc -V </dev/null >&5
gcc: error: unrecognized command-line option '-V'
gcc: fatal error: no input files
compilation terminated.
configure:2087: $? = 1
configure:2110: checking for C compiler default output file name
configure:2113: gcc    conftest.c  >&5
configure:2116: $? = 0
configure:2162: result: a.out
configure:2167: checking whether the C compiler works
configure:2173: ./a.out
configure:2176: $? = 0
configure:2193: result: yes
configure:2200: checking whether we are cross compiling
configure:2202: result: no
configure:2205: checking for suffix of executables
configure:2207: gcc -o conftest    conftest.c  >&5
configure:2210: $? = 0
configure:2235: result: 
configure:2241: checking for suffix of object files
configure:2262: gcc -c   conftest.c >&5
configure:2265: $? = 0
configure:2287: result: o
configure:2291: checking whether we are using the GNU C compiler
configure:2315: gcc -c   conftest.c >&5
configure:2321: $? = 0
configure:2325: test -z 
			 || test ! -s conftest.err
configure:2328: $? = 0
configure:2331: test -s conftest.o
configure:2334: $? = 0
configure:2347: result: yes
configure:2353: checking whether gcc accepts -g
configure:2374: gcc -c -g  conftest.c >&5
configure:2380: $? = 0
configure:2384: test -z 
			 || test ! -s conftest.err
configure:2387: $? = 0
configure:2390: test -s conftest.o
configure:2393: $? = 0
configure:2404: result: yes
configure:2421: checking for gcc option to accept ANSI C
configure:2491: gcc  -c -g -O2  conftest.c >&5
configure:2497: $? = 0
configure:2501: test -z 
			 || test ! -s conftest.err
configure:2504: $? = 0
configure:2507: test -s conftest.o
configure:2510: $? = 0
configure:2528: result: none needed
configure:2546: gcc -c -g -O2  conftest.c >&5
conftest.c:2:3: error: unknown type name 'choke'
    2 |   choke me
      |   ^~~~~
conftest.c:2:3: error: expected '=', ',', ';', 'asm' or '__attribute__' at end of input
configure:2552: $? = 1
configure: failed program was:
| #ifndef __cplusplus
|   choke me
| #endif
configure:2696: checking for style of include used by make
configure:2724: result: GNU
configure:2752: checking dependency style of gcc
configure:2842: result: gcc3
configure:2869: checking how to run the C preprocessor
configure:2904: gcc -E  conftest.c
configure:2910: $? = 0
configure:2942: gcc -E  conftest.c
conftest.c:11:10: fatal error: ac_nonexistent.h: No such file or directory
   11 | #include <ac_nonexistent.h>
      |          ^~~~~~~~~~~~~~~~~~
compilation terminated.
configure:2948: $? = 1
configure: failed program was:
| /* confdefs.h.  */
| 
| #define PACKAGE_NAME "GICO3"
| #define PACKAGE_TARNAME "gico3"
| #define PACKAGE_VERSION "2.6.3"
| #define PACKAGE_STRING "GICO3 2.6.3"
| #define PACKAGE_BUGREPORT "mkimura@nict.go.jp"
| #define PACKAGE "gico3"
| #define VERSION "2.6.3"
| /* end confdefs.h.  */
| #include <ac_nonexistent.h>
configure:2987: result: gcc -E
configure:3011: gcc -E  conftest.c
configure:3017: $? = 0
configure:3049: gcc -E  conftest.c
conftest.c:11:10: fatal error: ac_nonexistent.h: No such file or directory
   11 | #include <ac_nonexistent.h>
      |          ^~~~~~~~~~~~~~~~~~
compilation terminated.
configure:3055: $? = 1
configure: failed program was:
| /* confdefs.h.  */
| 
| #define PACKAGE_NAME "GICO3"
| #define PACKAGE_TARNAME "gico3"
| #define PACKAGE_VERSION "2.6.3"
| #define PACKAGE_STRING "GICO3 2.6.3"
| #define PACKAGE_BUGREPORT "mkimura@nict.go.jp"
| #define PACKAGE "gico3"
| #define VERSION "2.6.3"
| /* end confdefs.h.  */
| #include <ac_nonexistent.h>
configure:3099: checking for egrep
configure:3109: result: grep -E
configure:3114: checking for ANSI C header files
configure:3139: gcc -c -g -O2  conftest.c >&5
configure:3145: $? = 0
configure:3149: test -z 
			 || test ! -s conftest.err
configure:3152: $? = 0
configure:3155: test -s conftest.o
configure:3158: $? = 0
configure:3247: gcc -o conftest -g -O2   conftest.c  >&5
conftest.c: In function 'main':
conftest.c:28:7: warning: implicit declaration of function 'exit' [-Wimplicit-function-declaration]
   28 |       exit(2);
      |       ^~~~
conftest.c:12:1: note: include '<stdlib.h>' or provide a declaration of 'exit'
   11 | #include <ctype.h>
  +++ |+#include <stdlib.h>
   12 | #if ((' ' & 0x0FF) == 0x020)
conftest.c:28:7: warning: incompatible implicit declaration of built-in function 'exit' [-Wbuiltin-declaration-mismatch]
   28 |       exit(2);
      |       ^~~~
conftest.c:28:7: note: include '<stdlib.h>' or provide a declaration of 'exit'
conftest.c:29:3: warning: incompatible implicit declaration of built-in function 'exit' [-Wbuiltin-declaration-mismatch]
   29 |   exit (0);
      |   ^~~~
conftest.c:29:3: note: include '<stdlib.h>' or provide a declaration of 'exit'
configure:3250: $? = 0
configure:3252: ./conftest
configure:3255: $? = 0
configure:3270: result: yes
configure:3294: checking for sys/types.h
configure:3310: gcc -c -g -O2  conftest.c >&5
configure:3316: $? = 0
configure:3320: test -z 
			 || test ! -s conftest.err
configure:3323: $? = 0
configure:3326: test -s conftest.o
configure:3329: $? = 0
configure:3340: result: yes
configure:3294: checking for sys/stat.h
configure:3310: gcc -c -g -O2  conftest.c >&5
configure:3316: $? = 0
configure:3320: test -z 
			 || test ! -s conftest.err
configure:3323: $? = 0
configure:3326: test -s conftest.o
configure:3329: $? = 0
configure:3340: result: yes
configure:3294: checking for stdlib.h
configure:3310: gcc -c -g -O2  conftest.c >&5
configure:3316: $? = 0
configure:3320: test -z 
			 || test ! -s conftest.err
configure:3323: $? = 0
configure:3326: test -s conftest.o
configure:3329: $? = 0
configure:3340: result: yes
configure:3294: checking for string.h
configure:3310: gcc -c -g -O2  conftest.c >&5
configure:3316: $? = 0
configure:3320: test -z 
			 || test ! -s conftest.err
configure:3323: $? = 0
configure:3326: test -s conftest.o
configure:3329: $? = 0
configure:3340: result: yes
configure:3294: checking for memory.h
configure:3310: gcc -c -g -O2  conftest.c >&5
configure:3316: $? = 0
configure:3320: test -z 
			 || test ! -s conftest.err
configure:3323: $? = 0
configure:3326: test -s conftest.o
configure:3329: $? = 0
configure:3340: result: yes
configure:3294: checking for strings.h
configure:3310: gcc -c -g -O2  conftest.c >&5
configure:3316: $? = 0
configure:3320: test -z 
			 || test ! -s conftest.err
configure:3323: $? = 0
configure:3326: test -s conftest.o
configure:3329: $? = 0
configure:3340: result: yes
configure:3294: checking for inttypes.h
configure:3310: gcc -c -g -O2  conftest.c >&5
configure:3316: $? = 0
configure:3320: test -z 
			 || test ! -s conftest.err
configure:3323: $? = 0
configure:3326: test -s conftest.o
configure:3329: $? = 0
configure:3340: result: yes
configure:3294: checking for stdint.h
configure:3310: gcc -c -g -O2  conftest.c >&5
configure:3316: $? = 0
configure:3320: test -z 
			 || test ! -s conftest.err
configure:3323: $? = 0
configure:3326: test -s conftest.o
configure:3329: $? = 0
configure:3340: result: yes
configure:3294: checking for unistd.h
configure:3310: gcc -c -g -O2  conftest.c >&5
configure:3316: $? = 0
configure:3320: test -z 
			 || test ! -s conftest.err
configure:3323: $? = 0
configure:3326: test -s conftest.o
configure:3329: $? = 0
configure:3340: result: yes
configure:3370: checking fcntl.h usability
configure:3382: gcc -c -g -O2  conftest.c >&5
configure:3388: $? = 0
configure:3392: test -z 
			 || test ! -s conftest.err
configure:3395: $? = 0
configure:3398: test -s conftest.o
configure:3401: $? = 0
configure:3411: result: yes
configure:3415: checking fcntl.h presence
configure:3425: gcc -E  conftest.c
configure:3431: $? = 0
configure:3451: result: yes
configure:3486: checking for fcntl.h
configure:3493: result: yes
configure:3361: checking for stdlib.h
configure:3366: result: yes
configure:3361: checking for string.h
configure:3366: result: yes
configure:3370: checking sys/time.h usability
configure:3382: gcc -c -g -O2  conftest.c >&5
configure:3388: $? = 0
configure:3392: test -z 
			 || test ! -s conftest.err
configure:3395: $? = 0
configure:3398: test -s conftest.o
configure:3401: $? = 0
configure:3411: result: yes
configure:3415: checking sys/time.h presence
configure:3425: gcc -E  conftest.c
configure:3431: $? = 0
configure:3451: result: yes
configure:3486: checking for sys/time.h
configure:3493: result: yes
configure:3361: checking for unistd.h
configure:3366: result: yes
configure:3508: checking for an ANSI C-conforming const
configure:3575: gcc -c -g -O2  conftest.c >&5
configure:3581: $? = 0
configure:3585: test -z 
			 || test ! -s conftest.err
configure:3588: $? = 0
configure:3591: test -s conftest.o
configure:3594: $? = 0
configure:3605: result: yes
configure:3615: checking for off_t
configure:3639: gcc -c -g -O2  conftest.c >&5
configure:3645: $? = 0
configure:3649: test -z 
			 || test ! -s conftest.err
configure:3652: $? = 0
configure:3655: test -s conftest.o
configure:3658: $? = 0
configure:3669: result: yes
configure:3681: checking for size_t
configure:3705: gcc -c -g -O2  conftest.c >&5
configure:3711: $? = 0
configure:3715: test -z 
			 || test ! -s conftest.err
configure:3718: $? = 0
configure:3721: test -s conftest.o
configure:3724: $? = 0
configure:3735: result: yes
configure:3747: checking whether time.h and sys/time.h may both be included
configure:3772: gcc -c -g -O2  conftest.c >&5
configure:3778: $? = 0
configure:3782: test -z 
			 || test ! -s conftest.err
configure:3785: $? = 0
configure:3788: test -s conftest.o
configure:3791: $? = 0
configure:3802: result: yes
configure:3812: checking whether struct tm is in sys/time.h or time.h
configure:3835: gcc -c -g -O2  conftest.c >&5
configure:3841: $? = 0
configure:3845: test -z 
			 || test ! -s conftest.err
configure:3848: $? = 0
configure:3851: test -s conftest.o
configure:3854: $? = 0
configure:3865: result: time.h
configure:3875: checking for working volatile
configure:3898: gcc -c -g -O2  conftest.c >&5
configure:3904: $? = 0
configure:3908: test -z 
			 || test ! -s conftest.err
configure:3911: $? = 0
configure:3914: test -s conftest.o
configure:3917: $? = 0
configure:3928: result: yes
configure:3947: checking for stdlib.h
configure:3952: result: yes
configure:3947: checking for sys/time.h
configure:3952: result: yes
configure:3947: checking for unistd.h
configure:3952: result: yes
configure:4096: checking for alarm
configure:4153: gcc -o conftest -g -O2   conftest.c  >&5
configure:4159: $? = 0
configure:4163: test -z 
			 || test ! -s conftest.err
configure:4166: $? = 0
configure:4169: test -s conftest
configure:4172: $? = 0
configure:4184: result: yes
configure:4194: checking for working mktime
configure:4370: gcc -o conftest -g -O2   conftest.c  >&5
configure:4373: $? = 0
configure:4375: ./conftest
./configure: line 4376: 643712 Alarm clock             ./conftest$ac_exeext
configure:4378: $? = 142
configure: program exited with status 142
configure: failed program was:
| /* confdefs.h.  */
| 
| #define PACKAGE_NAME "GICO3"
| #define PACKAGE_TARNAME "gico3"
| #define PACKAGE_VERSION "2.6.3"
| #define PACKAGE_STRING "GICO3 2.6.3"
| #define PACKAGE_BUGREPORT "mkimura@nict.go.jp"
| #define PACKAGE "gico3"
| #define VERSION "2.6.3"
| #define STDC_HEADERS 1
| #define HAVE_SYS_TYPES_H 1
| #define HAVE_SYS_STAT_H 1
| #define HAVE_STDLIB_H 1
| #define HAVE_STRING_H 1
| #define HAVE_MEMORY_H 1
| #define HAVE_STRINGS_H 1
| #define HAVE_INTTYPES_H 1
| #define HAVE_STDINT_H 1
| #define HAVE_UNISTD_H 1
| #define HAVE_FCNTL_H 1
| #define HAVE_STDLIB_H 1
| #define HAVE_STRING_H 1
| #define HAVE_SYS_TIME_H 1
| #define HAVE_UNISTD_H 1
| #define TIME_WITH_SYS_TIME 1
| #define HAVE_STDLIB_H 1
| #define HAVE_SYS_TIME_H 1
| #define HAVE_UNISTD_H 1
| #define HAVE_ALARM 1
| /* end confdefs.h.  */
| /* Test program from Paul Eggert and Tony Leneis.  */
| #if TIME_WITH_SYS_TIME
| # include <sys/time.h>
| # include <time.h>
| #else
| # if HAVE_SYS_TIME_H
| #  include <sys/time.h>
| # else
| #  include <time.h>
| # endif
| #endif
| 
| #if HAVE_STDLIB_H
| # include <stdlib.h>
| #endif
| 
| #if HAVE_UNISTD_H
| # include <unistd.h>
| #endif
| 
| #if !HAVE_ALARM
| # define alarm(X) /* empty */
| #endif
| 
| /* Work around redefinition to rpl_putenv by other config tests.  */
| #undef putenv
| 
| static time_t time_t_max;
| static time_t time_t_min;
| 
| /* Values we'll use to set the TZ environment variable.  */
| static char *tz_strings[] = {
|   (char *) 0, "TZ=GMT0", "TZ=JST-9",
|   "TZ=EST+3EDT+2,M10.1.0/00:00:00,M2.3.0/00:00:00"
| };
| #define N_STRINGS (sizeof (tz_strings) / sizeof (tz_strings[0]))
| 
| /* Fail if mktime fails to convert a date in the spring-forward gap.
|    Based on a problem report from Andreas Jaeger.  */
| static void
| spring_forward_gap ()
| {
|   /* glibc (up to about 1998-10-07) failed this test. */
|   struct tm tm;
| 
|   /* Use the portable POSIX.1 specification "TZ=PST8PDT,M4.1.0,M10.5.0"
|      instead of "TZ=America/Vancouver" in order to detect the bug even
|      on systems that don't support the Olson extension, or don't have the
|      full zoneinfo tables installed.  */
|   putenv ("TZ=PST8PDT,M4.1.0,M10.5.0");
| 
|   tm.tm_year = 98;
|   tm.tm_mon = 3;
|   tm.tm_mday = 5;
|   tm.tm_hour = 2;
|   tm.tm_min = 0;
|   tm.tm_sec = 0;
|   tm.tm_isdst = -1;
|   if (mktime (&tm) == (time_t)-1)
|     exit (1);
| }
| 
| static void
| mktime_test1 (now)
|      time_t now;
| {
|   struct tm *lt;
|   if ((lt = localtime (&now)) && mktime (lt) != now)
|     exit (1);
| }
| 
| static void
| mktime_test (now)
|      time_t now;
| {
|   mktime_test1 (now);
|   mktime_test1 ((time_t) (time_t_max - now));
|   mktime_test1 ((time_t) (time_t_min + now));
| }
| 
| static void
| irix_6_4_bug ()
| {
|   /* Based on code from Ariel Faigon.  */
|   struct tm tm;
|   tm.tm_year = 96;
|   tm.tm_mon = 3;
|   tm.tm_mday = 0;
|   tm.tm_hour = 0;
|   tm.tm_min = 0;
|   tm.tm_sec = 0;
|   tm.tm_isdst = -1;
|   mktime (&tm);
|   if (tm.tm_mon != 2 || tm.tm_mday != 31)
|     exit (1);
| }
| 
| static void
| bigtime_test (j)
|      int j;
| {
|   struct tm tm;
|   time_t now;
|   tm.tm_year = tm.tm_mon = tm.tm_mday = tm.tm_hour = tm.tm_min = tm.tm_sec = j;
|   now = mktime (&tm);
|   if (now != (time_t) -1)
|     {
|       struct tm *lt = localtime (&now);
|       if (! (lt
| 	     && lt->tm_year == tm.tm_year
| 	     && lt->tm_mon == tm.tm_mon
| 	     && lt->tm_mday == tm.tm_mday
| 	     && lt->tm_hour == tm.tm_hour
| 	     && lt->tm_min == tm.tm_min
| 	     && lt->tm_sec == tm.tm_sec
| 	     && lt->tm_yday == tm.tm_yday
| 	     && lt->tm_wday == tm.tm_wday
| 	     && ((lt->tm_isdst < 0 ? -1 : 0 < lt->tm_isdst)
| 		  == (tm.tm_isdst < 0 ? -1 : 0 < tm.tm_isdst))))
| 	exit (1);
|     }
| }
| 
| int
| main ()
| {
|   time_t t, delta;
|   int i, j;
| 
|   /* This test makes some buggy mktime implementations loop.
|      Give up after 60 seconds; a mktime slower than that
|      isn't worth using anyway.  */
|   alarm (60);
| 
|   for (time_t_max = 1; 0 < time_t_max; time_t_max *= 2)
|     continue;
|   time_t_max--;
|   if ((time_t) -1 < 0)
|     for (time_t_min = -1; (time_t) (time_t_min * 2) < 0; time_t_min *= 2)
|       continue;
|   delta = time_t_max / 997; /* a suitable prime number */
|   for (i = 0; i < N_STRINGS; i++)
|     {
|       if (tz_strings[i])
| 	putenv (tz_strings[i]);
| 
|       for (t = 0; t <= time_t_max - delta; t += delta)
| 	mktime_test (t);
|       mktime_test ((time_t) 1);
|       mktime_test ((time_t) (60 * 60));
|       mktime_test ((time_t) (60 * 60 * 24));
| 
|       for (j = 1; 0 < j; j *= 2)
| 	bigtime_test (j);
|       bigtime_test (j - 1);
|     }
|   irix_6_4_bug ();
|   spring_forward_gap ();
|   exit (0);
| }
configure:4392: result: no
configure:4411: checking for stdlib.h
configure:4416: result: yes
configure:4411: checking for unistd.h
configure:4416: result: yes
configure:4560: checking for getpagesize
configure:4617: gcc -o conftest -g -O2   conftest.c  >&5
configure:4623: $? = 0
configure:4627: test -z 
			 || test ! -s conftest.err
configure:4630: $? = 0
configure:4633: test -s conftest
configure:4636: $? = 0
configure:4648: result: yes
configure:4658: checking for working mmap
configure:4800: gcc -o conftest -g -O2   conftest.c  >&5
configure:4803: $? = 0
configure:4805: ./conftest
configure:4808: $? = 0
configure:4822: result: yes
configure:4833: checking whether lstat dereferences a symlink specified with a trailing slash
configure:4864: gcc -o conftest -g -O2   conftest.c  >&5
configure:4867: $? = 0
configure:4869: ./conftest
configure:4872: $? = 0
configure:4893: result: yes
configure:4914: checking whether stat accepts an empty string
configure:4939: gcc -o conftest -g -O2   conftest.c  >&5
configure:4942: $? = 0
configure:4944: ./conftest
configure:4947: $? = 1
configure: program exited with status 1
configure: failed program was:
| /* confdefs.h.  */
| 
| #define PACKAGE_NAME "GICO3"
| #define PACKAGE_TARNAME "gico3"
| #define PACKAGE_VERSION "2.6.3"
| #define PACKAGE_STRING "GICO3 2.6.3"
| #define PACKAGE_BUGREPORT "mkimura@nict.go.jp"
| #define PACKAGE "gico3"
| #define VERSION "2.6.3"
| #define STDC_HEADERS 1
| #define HAVE_SYS_TYPES_H 1
| #define HAVE_SYS_STAT_H 1
| #define HAVE_STDLIB_H 1
| #define HAVE_STRING_H 1
| #define HAVE_MEMORY_H 1
| #define HAVE_STRINGS_H 1
| #define HAVE_INTTYPES_H 1
| #define HAVE_STDINT_H 1
| #define HAVE_UNISTD_H 1
| #define HAVE_FCNTL_H 1
| #define HAVE_STDLIB_H 1
| #define HAVE_STRING_H 1
| #define HAVE_SYS_TIME_H 1
| #define HAVE_UNISTD_H 1
| #define TIME_WITH_SYS_TIME 1
| #define HAVE_STDLIB_H 1
| #define HAVE_SYS_TIME_H 1
| #define HAVE_UNISTD_H 1
| #define HAVE_ALARM 1
| #define HAVE_STDLIB_H 1
| #define HAVE_UNISTD_H 1
| #define HAVE_GETPAGESIZE 1
| #define HAVE_MMAP 1
| #define LSTAT_FOLLOWS_SLASHED_SYMLINK 1
| /* end confdefs.h.  */
| #include <stdio.h>
| #if HAVE_SYS_TYPES_H
| # include <sys/types.h>
| #endif
| #if HAVE_SYS_STAT_H
| # include <sys/stat.h>
| #endif
| #if STDC_HEADERS
| # include <stdlib.h>
| # include <stddef.h>
| #else
| # if HAVE_STDLIB_H
| #  include <stdlib.h>
| # endif
| #endif
| #if HAVE_STRING_H
| # if !STDC_HEADERS && HAVE_MEMORY_H
| #  include <memory.h>
| # endif
| # include <string.h>
| #endif
| #if HAVE_STRINGS_H
| # include <strings.h>
| #endif
| #if HAVE_INTTYPES_H
| # include <inttypes.h>
| #else
| # if HAVE_STDINT_H
| #  include <stdint.h>
| # endif
| #endif
| #if HAVE_UNISTD_H
| # include <unistd.h>
| #endif
| int
| main ()
| {
| struct stat sbuf;
|   exit (stat ("", &sbuf) ? 1 : 0);
|   ;
|   return 0;
| }
configure:4961: result: no
configure:4983: checking for strftime
configure:5040: gcc -o conftest -g -O2   conftest.c  >&5
conftest.c:60:6: warning: conflicting types for built-in function 'strftime'; expected 'long unsigned int(char *, long unsigned int,  const char *, const void *)' [-Wbuiltin-declaration-mismatch]
   60 | char strftime ();
      |      ^~~~~~~~
conftest.c:47:1: note: 'strftime' is declared in header '<time.h>'
   46 | # include <limits.h>
   47 | #else
configure:5046: $? = 0
configure:5050: test -z 
			 || test ! -s conftest.err
configure:5053: $? = 0
configure:5056: test -s conftest
configure:5059: $? = 0
configure:5071: result: yes
configure:5169: checking for gettimeofday
configure:5226: gcc -o conftest -g -O2   conftest.c  >&5
configure:5232: $? = 0
configure:5236: test -z 
			 || test ! -s conftest.err
configure:5239: $? = 0
configure:5242: test -s conftest
configure:5245: $? = 0
configure:5257: result: yes
configure:5169: checking for memmove
configure:5226: gcc -o conftest -g -O2   conftest.c  >&5
conftest.c:62:6: warning: conflicting types for built-in function 'memmove'; expected 'void *(void *, const void *, long unsigned int)' [-Wbuiltin-declaration-mismatch]
   62 | char memmove ();
      |      ^~~~~~~
conftest.c:49:1: note: 'memmove' is declared in header '<string.h>'
   48 | # include <limits.h>
   49 | #else
configure:5232: $? = 0
configure:5236: test -z 
			 || test ! -s conftest.err
configure:5239: $? = 0
configure:5242: test -s conftest
configure:5245: $? = 0
configure:5257: result: yes
configure:5169: checking for memset
configure:5226: gcc -o conftest -g -O2   conftest.c  >&5
conftest.c:63:6: warning: conflicting types for built-in function 'memset'; expected 'void *(void *, int,  long unsigned int)' [-Wbuiltin-declaration-mismatch]
   63 | char memset ();
      |      ^~~~~~
conftest.c:50:1: note: 'memset' is declared in header '<string.h>'
   49 | # include <limits.h>
   50 | #else
configure:5232: $? = 0
configure:5236: test -z 
			 || test ! -s conftest.err
configure:5239: $? = 0
configure:5242: test -s conftest
configure:5245: $? = 0
configure:5257: result: yes
configure:5169: checking for munmap
configure:5226: gcc -o conftest -g -O2   conftest.c  >&5
configure:5232: $? = 0
configure:5236: test -z 
			 || test ! -s conftest.err
configure:5239: $? = 0
configure:5242: test -s conftest
configure:5245: $? = 0
configure:5257: result: yes
configure:5169: checking for pow
configure:5226: gcc -o conftest -g -O2   conftest.c  >&5
conftest.c:65:6: warning: conflicting types for built-in function 'pow'; expected 'double(double,  double)' [-Wbuiltin-declaration-mismatch]
   65 | char pow ();
      |      ^~~
conftest.c:52:1: note: 'pow' is declared in header '<math.h>'
   51 | # include <limits.h>
   52 | #else
/usr/bin/ld: /tmp/ccNuQE4P.o: in function `main':
/home/akimoto/program/rust/phased_array/gico3-2.7.5/conftest.c:81:(.text.startup+0x7): undefined reference to `pow'
/usr/bin/ld: /tmp/ccNuQE4P.o:/home/akimoto/program/rust/phased_array/gico3-2.7.5/conftest.c:72:(.data.rel+0x0): undefined reference to `pow'
collect2: error: ld returned 1 exit status
configure:5232: $? = 1
configure: failed program was:
| /* confdefs.h.  */
| 
| #define PACKAGE_NAME "GICO3"
| #define PACKAGE_TARNAME "gico3"
| #define PACKAGE_VERSION "2.6.3"
| #define PACKAGE_STRING "GICO3 2.6.3"
| #define PACKAGE_BUGREPORT "mkimura@nict.go.jp"
| #define PACKAGE "gico3"
| #define VERSION "2.6.3"
| #define STDC_HEADERS 1
| #define HAVE_SYS_TYPES_H 1
| #define HAVE_SYS_STAT_H 1
| #define HAVE_STDLIB_H 1
| #define HAVE_STRING_H 1
| #define HAVE_MEMORY_H 1
| #define HAVE_STRINGS_H 1
| #define HAVE_INTTYPES_H 1
| #define HAVE_STDINT_H 1
| #define HAVE_UNISTD_H 1
| #define HAVE_FCNTL_H 1
| #define HAVE_STDLIB_H 1
| #define HAVE_STRING_H 1
| #define HAVE_SYS_TIME_H 1
| #define HAVE_UNISTD_H 1
| #define TIME_WITH_SYS_TIME 1
| #define HAVE_STDLIB_H 1
| #define HAVE_SYS_TIME_H 1
| #define HAVE_UNISTD_H 1
| #define HAVE_ALARM 1
| #define HAVE_STDLIB_H 1
| #define HAVE_UNISTD_H 1
| #define HAVE_GETPAGESIZE 1
| #define HAVE_MMAP 1
| #define LSTAT_FOLLOWS_SLASHED_SYMLINK 1
| #define HAVE_STRFTIME 1
| #define HAVE_GETTIMEOFDAY 1
| #define HAVE_MEMMOVE 1
| #define HAVE_MEMSET 1
| #define HAVE_MUNMAP 1
| /* end confdefs.h.  */
| /* Define pow to an innocuous variant, in case <limits.h> declares pow.
|    For example, HP-UX 11i <limits.h> declares gettimeofday.  */
| #define pow innocuous_pow
| 
| /* System header to define __stub macros and hopefully few prototypes,
|     which can conflict with char pow (); below.
|     Prefer <limits.h> to <assert.h> if __STDC__ is defined, since
|     <limits.h> exists even on freestanding compilers.  */
| 
| #ifdef __STDC__
| # include <limits.h>
| #else
| # include <assert.h>
| #endif
| 
| #undef pow
| 
| /* Override any gcc2 internal prototype to avoid an error.  */
| #ifdef __cplusplus
| extern "C"
| {
| #endif
| /* We use char because int might match the return type of a gcc2
|    builtin and then its argument prototype would still apply.  */
| char pow ();
| /* The GNU C library defines this for functions which it implements
|     to always fail with ENOSYS.  Some functions are actually named
|     something starting with __ and the normal name is an alias.  */
| #if defined (__stub_pow) || defined (__stub___pow)
| choke me
| #else
| char (*f) () = pow;
| #endif
| #ifdef __cplusplus
| }
| #endif
| 
| int
| main ()
| {
| return f != pow;
|   ;
|   return 0;
| }
configure:5257: result: no
configure:5169: checking for setenv
configure:5226: gcc -o conftest -g -O2   conftest.c  >&5
configure:5232: $? = 0
configure:5236: test -z 
			 || test ! -s conftest.err
configure:5239: $? = 0
configure:5242: test -s conftest
configure:5245: $? = 0
configure:5257: result: yes
configure:5169: checking for strchr
configure:5226: gcc -o conftest -g -O2   conftest.c  >&5
conftest.c:66:6: warning: conflicting types for built-in function 'strchr'; expected 'char *(const char *, int)' [-Wbuiltin-declaration-mismatch]
   66 | char strchr ();
      |      ^~~~~~
conftest.c:53:1: note: 'strchr' is declared in header '<string.h>'
   52 | # include <limits.h>
   53 | #else
configure:5232: $? = 0
configure:5236: test -z 
			 || test ! -s conftest.err
configure:5239: $? = 0
configure:5242: test -s conftest
configure:5245: $? = 0
configure:5257: result: yes
configure:5169: checking for strerror
configure:5226: gcc -o conftest -g -O2   conftest.c  >&5
configure:5232: $? = 0
configure:5236: test -z 
			 || test ! -s conftest.err
configure:5239: $? = 0
configure:5242: test -s conftest
configure:5245: $? = 0
configure:5257: result: yes
configure:5169: checking for strrchr
configure:5226: gcc -o conftest -g -O2   conftest.c  >&5
conftest.c:68:6: warning: conflicting types for built-in function 'strrchr'; expected 'char *(const char *, int)' [-Wbuiltin-declaration-mismatch]
   68 | char strrchr ();
      |      ^~~~~~~
conftest.c:55:1: note: 'strrchr' is declared in header '<string.h>'
   54 | # include <limits.h>
   55 | #else
configure:5232: $? = 0
configure:5236: test -z 
			 || test ! -s conftest.err
configure:5239: $? = 0
configure:5242: test -s conftest
configure:5245: $? = 0
configure:5257: result: yes
configure:5169: checking for strstr
configure:5226: gcc -o conftest -g -O2   conftest.c  >&5
conftest.c:69:6: warning: conflicting types for built-in function 'strstr'; expected 'char *(const char *, const char *)' [-Wbuiltin-declaration-mismatch]
   69 | char strstr ();
      |      ^~~~~~
conftest.c:56:1: note: 'strstr' is declared in header '<string.h>'
   55 | # include <limits.h>
   56 | #else
configure:5232: $? = 0
configure:5236: test -z 
			 || test ! -s conftest.err
configure:5239: $? = 0
configure:5242: test -s conftest
configure:5245: $? = 0
configure:5257: result: yes
configure:5169: checking for tzset
configure:5226: gcc -o conftest -g -O2   conftest.c  >&5
configure:5232: $? = 0
configure:5236: test -z 
			 || test ! -s conftest.err
configure:5239: $? = 0
configure:5242: test -s conftest
configure:5245: $? = 0
configure:5257: result: yes
configure:5379: creating ./config.status

## ---------------- ##
## Cache variables. ##
## ---------------- ##

ac_cv_c_compiler_gnu=yes
ac_cv_c_const=yes
ac_cv_c_volatile=yes
ac_cv_env_CC_set=
ac_cv_env_CC_value=
ac_cv_env_CFLAGS_set=
ac_cv_env_CFLAGS_value=
ac_cv_env_CPPFLAGS_set=
ac_cv_env_CPPFLAGS_value=
ac_cv_env_CPP_set=
ac_cv_env_CPP_value=
ac_cv_env_LDFLAGS_set=
ac_cv_env_LDFLAGS_value=
ac_cv_env_build_alias_set=
ac_cv_env_build_alias_value=
ac_cv_env_host_alias_set=
ac_cv_env_host_alias_value=
ac_cv_env_target_alias_set=
ac_cv_env_target_alias_value=
ac_cv_exeext=
ac_cv_func_alarm=yes
ac_cv_func_getpagesize=yes
ac_cv_func_gettimeofday=yes
ac_cv_func_lstat_dereferences_slashed_symlink=yes
ac_cv_func_memmove=yes
ac_cv_func_memset=yes
ac_cv_func_mmap_fixed_mapped=yes
ac_cv_func_munmap=yes
ac_cv_func_pow=no
ac_cv_func_setenv=yes
ac_cv_func_stat_empty_string_bug=no
ac_cv_func_strchr=yes
ac_cv_func_strerror=yes
ac_cv_func_strftime=yes
ac_cv_func_strrchr=yes
ac_cv_func_strstr=yes
ac_cv_func_tzset=yes
ac_cv_func_working_mktime=no
ac_cv_header_fcntl_h=yes
ac_cv_header_inttypes_h=yes
ac_cv_header_memory_h=yes
ac_cv_header_stdc=yes
ac_cv_header_stdint_h=yes
ac_cv_header_stdlib_h=yes
ac_cv_header_string_h=yes
ac_cv_header_strings_h=yes
ac_cv_header_sys_stat_h=yes
ac_cv_header_sys_time_h=yes
ac_cv_header_sys_types_h=yes
ac_cv_header_time=yes
ac_cv_header_unistd_h=yes
ac_cv_objext=o
ac_cv_path_install='/usr/bin/install -c'
ac_cv_prog_AWK=gawk
ac_cv_prog_CPP='gcc -E'
ac_cv_prog_ac_ct_CC=gcc
ac_cv_prog_cc_g=yes
ac_cv_prog_cc_stdc=
ac_cv_prog_egrep='grep -E'
ac_cv_prog_make_make_set=yes
ac_cv_struct_tm=time.h
ac_cv_type_off_t=yes
ac_cv_type_size_t=yes
am_cv_CC_dependencies_compiler_type=gcc3

## ----------------- ##
## Output variables. ##
## ----------------- ##

ACLOCAL='${SHELL} /home/akimoto/program/rust/phased_array/gico3-2.7.5/missing --run aclocal-1.9'
AMDEPBACKSLASH='\'
AMDEP_FALSE='#'
AMDEP_TRUE=''
AMTAR='${SHELL} /home/akimoto/program/rust/phased_array/gico3-2.7.5/missing --run tar'
AUTOCONF='${SHELL} /home/akimoto/program/rust/phased_array/gico3-2.7.5/missing --run autoconf'
AUTOHEADER='${SHELL} /home/akimoto/program/rust/phased_array/gico3-2.7.5/missing --run autoheader'
AUTOMAKE='${SHELL} /home/akimoto/program/rust/phased_array/gico3-2.7.5/missing --run automake-1.9'
AWK='gawk'
CC='gcc'
CCDEPMODE='depmode=gcc3'
CFLAGS='-g -O2'
CPP='gcc -E'
CPPFLAGS=''
CYGPATH_W='echo'
DEFS='-DHAVE_CONFIG_H'
DEPDIR='.deps'
ECHO_C=''
ECHO_N='-n'
ECHO_T=''
EGREP='grep -E'
EXEEXT=''
INSTALL_DATA='${INSTALL} -m 644'
INSTALL_PROGRAM='${INSTALL}'
INSTALL_SCRIPT='${INSTALL}'
INSTALL_STRIP_PROGRAM='${SHELL} $(install_sh) -c -s'
LDFLAGS=''
LIBOBJS=' mktime$U.o'
LIBS=''
LTLIBOBJS=' mktime$U.lo'
MAKEINFO='${SHELL} /home/akimoto/program/rust/phased_array/gico3-2.7.5/missing --run makeinfo'
OBJEXT='o'
PACKAGE='gico3'
PACKAGE_BUGREPORT='mkimura@nict.go.jp'
PACKAGE_NAME='GICO3'
PACKAGE_STRING='GICO3 2.6.3'
PACKAGE_TARNAME='gico3'
PACKAGE_VERSION='2.6.3'
PATH_SEPARATOR=':'
SET_MAKE=''
SHELL='/bin/sh'
STRIP=''
VERSION='2.6.3'
ac_ct_CC='gcc'
ac_ct_STRIP=''
am__fastdepCC_FALSE='#'
am__fastdepCC_TRUE=''
am__include='include'
am__leading_dot='.'
am__quote=''
am__tar='${AMTAR} chof - "$$tardir"'
am__untar='${AMTAR} xf -'
bindir='${exec_prefix}/bin'
build_alias=''
datadir='${prefix}/share'
exec_prefix='${prefix}'
host_alias=''
includedir='${prefix}/include'
infodir='${prefix}/info'
install_sh='/home/akimoto/program/rust/phased_array/gico3-2.7.5/install-sh'
libdir='${exec_prefix}/lib'
libexecdir='${exec_prefix}/libexec'
localstatedir='${prefix}/var'
mandir='${prefix}/man'
mkdir_p='mkdir -p --'
oldincludedir='/usr/include'
prefix='/usr/local'
program_transform_name='s,x,x,'
sbindir='${exec_prefix}/sbin'
sharedstatedir='${prefix}/com'
sysconfdir='${prefix}/etc'
target_alias=''

## ----------- ##
## confdefs.h. ##
## ----------- ##

#define HAVE_ALARM 1
#define HAVE_FCNTL_H 1
#define HAVE_GETPAGESIZE 1
#define HAVE_GETTIMEOFDAY 1
#define HAVE_INTTYPES_H 1
#define HAVE_MEMMOVE 1
#define HAVE_MEMORY_H 1
#define HAVE_MEMSET 1
#define HAVE_MMAP 1
#define HAVE_MUNMAP 1
#define HAVE_SETENV 1
#define HAVE_STDINT_H 1
#define HAVE_STDLIB_H 1
#define HAVE_STDLIB_H 1
#define HAVE_STDLIB_H 1
#define HAVE_STDLIB_H 1
#define HAVE_STRCHR 1
#define HAVE_STRERROR 1
#define HAVE_STRFTIME 1
#define HAVE_STRINGS_H 1
#define HAVE_STRING_H 1
#define HAVE_STRING_H 1
#define HAVE_STRRCHR 1
#define HAVE_STRSTR 1
#define HAVE_SYS_STAT_H 1
#define HAVE_SYS_TIME_H 1
#define HAVE_SYS_TIME_H 1
#define HAVE_SYS_TYPES_H 1
#define HAVE_TZSET 1
#define HAVE_UNISTD_H 1
#define HAVE_UNISTD_H 1
#define HAVE_UNISTD_H 1
#define HAVE_UNISTD_H 1
#define LSTAT_FOLLOWS_SLASHED_SYMLINK 1
#define PACKAGE "gico3"
#define PACKAGE_BUGREPORT "mkimura@nict.go.jp"
#define PACKAGE_NAME "GICO3"
#define PACKAGE_STRING "GICO3 2.6.3"
#define PACKAGE_TARNAME "gico3"
#define PACKAGE_VERSION "2.6.3"
#define STDC_HEADERS 1
#define TIME_WITH_SYS_TIME 1
#define VERSION "2.6.3"

configure: exit 0

## ---------------------- ##
## Running config.status. ##
## ---------------------- ##

This file was extended by GICO3 config.status 2.6.3, which was
generated by GNU Autoconf 2.59.  Invocation command line was

  CONFIG_FILES    = 
  CONFIG_HEADERS  = 
  CONFIG_LINKS    = 
  CONFIG_COMMANDS = 
  $ ./config.status 

on MA

config.status:690: creating Makefile
config.status:690: creating src/Makefile
config.status:794: creating config.h
config.status:970: config.h is unchanged
config.status:1150: executing depfiles commands

## ---------------------- ##
## Running config.status. ##
## ---------------------- ##

This file was extended by GICO3 config.status 2.6.3, which was
generated by GNU Autoconf 2.59.  Invocation command line was

  CONFIG_FILES    = 
  CONFIG_HEADERS  = 
  CONFIG_LINKS    = 
  CONFIG_COMMANDS = 
  $ ./config.status config.h

on MA

config.status:794: creating config.h
config.status:970: config.h is unchanged
